<?xml version="1.0" encoding="UTF-8"?>
<robot generator="Robot 3.1.2 (Python 3.8.0 on win32)" generated="20191119 00:09:07.342" rpa="false">
<suite id="s1" name="My test" source="C:\repozytoria\robotFramework\robot\My_test.robot">
<test id="s1-t1" name="My Variable Test Case">
<kw name="Log" library="BuiltIn">
<doc>Logs the given message with the given level.</doc>
<arguments>
<arg>${text}</arg>
</arguments>
<msg timestamp="20191119 00:09:07.386" level="INFO">Some text</msg>
<status status="PASS" starttime="20191119 00:09:07.386" endtime="20191119 00:09:07.386"></status>
</kw>
<status status="PASS" starttime="20191119 00:09:07.386" endtime="20191119 00:09:07.386" critical="yes"></status>
</test>
<test id="s1-t2" name="My Json Test Case">
<kw name="Load Json">
<arguments>
<arg>src//example.json</arg>
</arguments>
<assign>
<var>${json}</var>
</assign>
<kw name="Get File" library="OperatingSystem">
<doc>Returns the contents of a specified file.</doc>
<arguments>
<arg>${jsonPath}</arg>
</arguments>
<assign>
<var>${json}</var>
</assign>
<msg timestamp="20191119 00:09:07.390" level="INFO" html="yes">Getting file '&lt;a href="file://C:\repozytoria\robotFramework\robot\src\example.json"&gt;C:\repozytoria\robotFramework\robot\src\example.json&lt;/a&gt;'.</msg>
<msg timestamp="20191119 00:09:07.390" level="INFO">${json} = {
  "firstName": "Poka",
  "lastName": "Alfredo"
}
</msg>
<status status="PASS" starttime="20191119 00:09:07.390" endtime="20191119 00:09:07.390"></status>
</kw>
<msg timestamp="20191119 00:09:07.390" level="INFO">${json} = {
  "firstName": "Poka",
  "lastName": "Alfredo"
}
</msg>
<status status="PASS" starttime="20191119 00:09:07.390" endtime="20191119 00:09:07.390"></status>
</kw>
<kw name="Log" library="BuiltIn">
<doc>Logs the given message with the given level.</doc>
<arguments>
<arg>${json}</arg>
</arguments>
<msg timestamp="20191119 00:09:07.390" level="INFO">{
  "firstName": "Poka",
  "lastName": "Alfredo"
}
</msg>
<status status="PASS" starttime="20191119 00:09:07.390" endtime="20191119 00:09:07.390"></status>
</kw>
<status status="PASS" starttime="20191119 00:09:07.386" endtime="20191119 00:09:07.390" critical="yes"></status>
</test>
<test id="s1-t3" name="My CSV From Excel Test Case">
<kw name="Read Csv File" library="csvLibrary">
<doc>This creates a keyword named "Read CSV File"</doc>
<arguments>
<arg>src//dataCsv.csv</arg>
</arguments>
<assign>
<var>${data}</var>
</assign>
<msg timestamp="20191119 00:09:07.394" level="INFO">${data} = [['ď»żfirstName', 'lastName'], ['John', 'Kowalski'], ['Adam', 'Nowak'], ['Filip', 'Boruta'], ['Ewa', 'Schmitt']]</msg>
<status status="PASS" starttime="20191119 00:09:07.394" endtime="20191119 00:09:07.394"></status>
</kw>
<kw name="Log" library="BuiltIn">
<doc>Logs the given message with the given level.</doc>
<arguments>
<arg>${data}</arg>
</arguments>
<msg timestamp="20191119 00:09:07.394" level="INFO">[['ď»żfirstName', 'lastName'], ['John', 'Kowalski'], ['Adam', 'Nowak'], ['Filip', 'Boruta'], ['Ewa', 'Schmitt']]</msg>
<status status="PASS" starttime="20191119 00:09:07.394" endtime="20191119 00:09:07.394"></status>
</kw>
<status status="PASS" starttime="20191119 00:09:07.394" endtime="20191119 00:09:07.394" critical="yes"></status>
</test>
<test id="s1-t4" name="My CSV From Notepad Test Case">
<kw name="Read Csv File" library="csvLibrary">
<doc>This creates a keyword named "Read CSV File"</doc>
<arguments>
<arg>src//dataCsvFromNotepad.csv</arg>
</arguments>
<assign>
<var>${data}</var>
</assign>
<msg timestamp="20191119 00:09:07.398" level="INFO">${data} = [['firstName', 'lastName'], ['John', 'Kowalski'], ['Adam', 'Nowak'], ['Filip', 'Boruta'], ['Ewa', 'Schmitt']]</msg>
<status status="PASS" starttime="20191119 00:09:07.398" endtime="20191119 00:09:07.398"></status>
</kw>
<kw name="Log" library="BuiltIn">
<doc>Logs the given message with the given level.</doc>
<arguments>
<arg>${data}</arg>
</arguments>
<msg timestamp="20191119 00:09:07.398" level="INFO">[['firstName', 'lastName'], ['John', 'Kowalski'], ['Adam', 'Nowak'], ['Filip', 'Boruta'], ['Ewa', 'Schmitt']]</msg>
<status status="PASS" starttime="20191119 00:09:07.398" endtime="20191119 00:09:07.398"></status>
</kw>
<status status="PASS" starttime="20191119 00:09:07.398" endtime="20191119 00:09:07.398" critical="yes"></status>
</test>
<test id="s1-t5" name="CSV Second Version From Excel">
<kw name="Read Csv File" library="csvLibrary">
<doc>This creates a keyword named "Read CSV File"</doc>
<arguments>
<arg>src//dataExcelCsvCommas.csv</arg>
</arguments>
<assign>
<var>${data}</var>
</assign>
<msg timestamp="20191119 00:09:07.402" level="INFO">${data} = [['firstName', 'lastName'], ['John', 'Kowalski'], ['Adam', 'Nowak'], ['Filip', 'Boruta'], ['Ewa', 'Schmitt']]</msg>
<status status="PASS" starttime="20191119 00:09:07.402" endtime="20191119 00:09:07.402"></status>
</kw>
<kw name="Log" library="BuiltIn">
<doc>Logs the given message with the given level.</doc>
<arguments>
<arg>${data[1][1]}</arg>
</arguments>
<msg timestamp="20191119 00:09:07.402" level="INFO">Kowalski</msg>
<status status="PASS" starttime="20191119 00:09:07.402" endtime="20191119 00:09:07.402"></status>
</kw>
<status status="PASS" starttime="20191119 00:09:07.402" endtime="20191119 00:09:07.402" critical="yes"></status>
</test>
<doc>Suite description</doc>
<status status="PASS" starttime="20191119 00:09:07.346" endtime="20191119 00:09:07.406"></status>
</suite>
<statistics>
<total>
<stat pass="5" fail="0">Critical Tests</stat>
<stat pass="5" fail="0">All Tests</stat>
</total>
<tag>
</tag>
<suite>
<stat pass="5" fail="0" id="s1" name="My test">My test</stat>
</suite>
</statistics>
<errors>
</errors>
</robot>
